<?xml version="1.0" encoding="UTF-8"?>
<testsuite name="com.tencent.ads.api.FundStatementsDailyApiTest" tests="1" skipped="1" failures="0" errors="0" timestamp="2023-03-02T03:50:25" hostname="VM_118_42_centos" time="0.0">
  <properties/>
  <testcase name="fundStatementsDailyGetTest" classname="com.tencent.ads.api.FundStatementsDailyApiTest" time="0.0">
    <skipped/>
  </testcase>
  <system-out><![CDATA[]]></system-out>
  <system-err><![CDATA[]]></system-err>
</testsuite>
