<?xml version="1.0" encoding="UTF-8"?>
<testsuite name="com.tencent.ads.api.OauthApiTest" tests="2" skipped="2" failures="0" errors="0" timestamp="2021-12-17T03:18:26" hostname="VM_147_58_centos" time="0.0">
  <properties/>
  <testcase name="oauthTokenTest" classname="com.tencent.ads.api.OauthApiTest" time="0.0">
    <skipped/>
  </testcase>
  <testcase name="oauthAuthorizeTest" classname="com.tencent.ads.api.OauthApiTest" time="0.0">
    <skipped/>
  </testcase>
  <system-out><![CDATA[]]></system-out>
  <system-err><![CDATA[]]></system-err>
</testsuite>
