<?xml version="1.0" encoding="UTF-8"?>
<testsuite name="com.tencent.ads.api.PromotedObjectsApiTest" tests="5" skipped="5" failures="0" errors="0" timestamp="2023-03-08T02:53:36" hostname="VM_118_42_centos" time="0.0">
  <properties/>
  <testcase name="promotedObjectsAuthorizeTest" classname="com.tencent.ads.api.PromotedObjectsApiTest" time="0.0">
    <skipped/>
  </testcase>
  <testcase name="promotedObjectsAddTest" classname="com.tencent.ads.api.PromotedObjectsApiTest" time="0.0">
    <skipped/>
  </testcase>
  <testcase name="promotedObjectsDeleteTest" classname="com.tencent.ads.api.PromotedObjectsApiTest" time="0.0">
    <skipped/>
  </testcase>
  <testcase name="promotedObjectsGetTest" classname="com.tencent.ads.api.PromotedObjectsApiTest" time="0.0">
    <skipped/>
  </testcase>
  <testcase name="promotedObjectsUpdateTest" classname="com.tencent.ads.api.PromotedObjectsApiTest" time="0.0">
    <skipped/>
  </testcase>
  <system-out><![CDATA[]]></system-out>
  <system-err><![CDATA[]]></system-err>
</testsuite>
