<?xml version="1.0" encoding="UTF-8"?>
<testsuite name="com.tencent.ads.api.XijingPageApiTest" tests="3" skipped="3" failures="0" errors="0" timestamp="2021-12-17T03:18:26" hostname="VM_147_58_centos" time="0.0">
  <properties/>
  <testcase name="xijingPageAddTest" classname="com.tencent.ads.api.XijingPageApiTest" time="0.0">
    <skipped/>
  </testcase>
  <testcase name="xijingPageUpdateTest" classname="com.tencent.ads.api.XijingPageApiTest" time="0.0">
    <skipped/>
  </testcase>
  <testcase name="xijingPageDeleteTest" classname="com.tencent.ads.api.XijingPageApiTest" time="0.0">
    <skipped/>
  </testcase>
  <system-out><![CDATA[]]></system-out>
  <system-err><![CDATA[]]></system-err>
</testsuite>
