<?xml version="1.0" encoding="UTF-8"?>
<testsuite name="com.tencent.ads.api.BatchRequestsApiTest" tests="1" skipped="1" failures="0" errors="0" timestamp="2022-12-14T09:36:06" hostname="VM_118_42_centos" time="0.0">
  <properties/>
  <testcase name="batchRequestsAddTest" classname="com.tencent.ads.api.BatchRequestsApiTest" time="0.0">
    <skipped/>
  </testcase>
  <system-out><![CDATA[]]></system-out>
  <system-err><![CDATA[]]></system-err>
</testsuite>
