<?xml version="1.0" encoding="UTF-8"?>
<testsuite name="com.tencent.ads.api.ProductSeriesApiTest" tests="2" skipped="2" failures="0" errors="0" timestamp="2022-10-11T06:46:43" hostname="VM_147_58_centos" time="0.0">
  <properties/>
  <testcase name="productSeriesAddTest" classname="com.tencent.ads.api.ProductSeriesApiTest" time="0.0">
    <skipped/>
  </testcase>
  <testcase name="productSeriesGetTest" classname="com.tencent.ads.api.ProductSeriesApiTest" time="0.0">
    <skipped/>
  </testcase>
  <system-out><![CDATA[]]></system-out>
  <system-err><![CDATA[]]></system-err>
</testsuite>
