<?xml version="1.0" encoding="UTF-8"?>
<testsuite name="com.tencent.ads.api.WechatPagesCsgrouplistApiTest" tests="1" skipped="1" failures="0" errors="0" timestamp="2022-05-06T07:27:35" hostname="VM_147_58_centos" time="0.0">
  <properties/>
  <testcase name="wechatPagesCsgrouplistGetTest" classname="com.tencent.ads.api.WechatPagesCsgrouplistApiTest" time="0.0">
    <skipped/>
  </testcase>
  <system-out><![CDATA[]]></system-out>
  <system-err><![CDATA[]]></system-err>
</testsuite>
