<?xml version="1.0" encoding="UTF-8"?>
<testsuite name="com.tencent.ads.api.ProductCatalogsApiTest" tests="2" skipped="2" failures="0" errors="0" timestamp="2022-01-26T08:23:15" hostname="VM_147_58_centos" time="0.0">
  <properties/>
  <testcase name="productCatalogsAddTest" classname="com.tencent.ads.api.ProductCatalogsApiTest" time="0.0">
    <skipped/>
  </testcase>
  <testcase name="productCatalogsGetTest" classname="com.tencent.ads.api.ProductCatalogsApiTest" time="0.0">
    <skipped/>
  </testcase>
  <system-out><![CDATA[]]></system-out>
  <system-err><![CDATA[]]></system-err>
</testsuite>
