<?xml version="1.0" encoding="UTF-8"?>
<testsuite name="com.tencent.ads.api.UserActionsApiTest" tests="1" skipped="1" failures="0" errors="0" timestamp="2021-07-09T02:55:05" hostname="VM_147_58_centos" time="0.0">
  <properties/>
  <testcase name="userActionsAddTest" classname="com.tencent.ads.api.UserActionsApiTest" time="0.0">
    <skipped/>
  </testcase>
  <system-out><![CDATA[]]></system-out>
  <system-err><![CDATA[]]></system-err>
</testsuite>
