<?xml version="1.0" encoding="UTF-8"?>
<testsuite name="com.tencent.ads.api.TargetingTagsUvApiTest" tests="1" skipped="1" failures="0" errors="0" timestamp="2021-08-20T07:45:45" hostname="VM_147_58_centos" time="0.001">
  <properties/>
  <testcase name="targetingTagsUvGetTest" classname="com.tencent.ads.api.TargetingTagsUvApiTest" time="0.001">
    <skipped/>
  </testcase>
  <system-out><![CDATA[]]></system-out>
  <system-err><![CDATA[]]></system-err>
</testsuite>
