<?xml version="1.0" encoding="UTF-8"?>
<testsuite name="com.tencent.ads.api.AdsApiTest" tests="5" skipped="5" failures="0" errors="0" timestamp="2022-01-05T09:43:29" hostname="VM_147_58_centos" time="0.0">
  <properties/>
  <testcase name="adsGetTest" classname="com.tencent.ads.api.AdsApiTest" time="0.0">
    <skipped/>
  </testcase>
  <testcase name="adsUpdateConfiguredStatusTest" classname="com.tencent.ads.api.AdsApiTest" time="0.0">
    <skipped/>
  </testcase>
  <testcase name="adsUpdateTest" classname="com.tencent.ads.api.AdsApiTest" time="0.0">
    <skipped/>
  </testcase>
  <testcase name="adsDeleteTest" classname="com.tencent.ads.api.AdsApiTest" time="0.0">
    <skipped/>
  </testcase>
  <testcase name="adsAddTest" classname="com.tencent.ads.api.AdsApiTest" time="0.0">
    <skipped/>
  </testcase>
  <system-out><![CDATA[]]></system-out>
  <system-err><![CDATA[]]></system-err>
</testsuite>
