<?xml version="1.0" encoding="UTF-8"?>
<testsuite name="com.tencent.ads.api.ProductsSystemStatusApiTest" tests="1" skipped="1" failures="0" errors="0" timestamp="2021-12-17T03:18:26" hostname="VM_147_58_centos" time="0.0">
  <properties/>
  <testcase name="productsSystemStatusGetTest" classname="com.tencent.ads.api.ProductsSystemStatusApiTest" time="0.0">
    <skipped/>
  </testcase>
  <system-out><![CDATA[]]></system-out>
  <system-err><![CDATA[]]></system-err>
</testsuite>
