<?xml version="1.0" encoding="UTF-8"?>
<testsuite name="com.tencent.ads.api.QualificationsApiTest" tests="4" skipped="4" failures="0" errors="0" timestamp="2022-12-08T08:36:08" hostname="VM_118_42_centos" time="0.0">
  <properties/>
  <testcase name="qualificationsDeleteTest" classname="com.tencent.ads.api.QualificationsApiTest" time="0.0">
    <skipped/>
  </testcase>
  <testcase name="qualificationsAddTest" classname="com.tencent.ads.api.QualificationsApiTest" time="0.0">
    <skipped/>
  </testcase>
  <testcase name="qualificationsUpdateTest" classname="com.tencent.ads.api.QualificationsApiTest" time="0.0">
    <skipped/>
  </testcase>
  <testcase name="qualificationsGetTest" classname="com.tencent.ads.api.QualificationsApiTest" time="0.0">
    <skipped/>
  </testcase>
  <system-out><![CDATA[]]></system-out>
  <system-err><![CDATA[]]></system-err>
</testsuite>
