<?xml version="1.0" encoding="UTF-8"?>
<testsuite name="com.tencent.ads.api.PropertyFilesApiTest" tests="1" skipped="1" failures="0" errors="0" timestamp="2023-05-06T03:04:45" hostname="VM_118_42_centos" time="0.0">
  <properties/>
  <testcase name="propertyFilesAddTest" classname="com.tencent.ads.api.PropertyFilesApiTest" time="0.0">
    <skipped/>
  </testcase>
  <system-out><![CDATA[]]></system-out>
  <system-err><![CDATA[]]></system-err>
</testsuite>
