<?xml version="1.0" encoding="UTF-8"?>
<testsuite name="com.tencent.ads.api.LocalApiTest" tests="3" skipped="3" failures="0" errors="0" timestamp="2022-03-31T07:35:00" hostname="VM_147_58_centos" time="0.001">
  <properties/>
  <testcase name="localGetTest" classname="com.tencent.ads.api.LocalApiTest" time="0.0">
    <skipped/>
  </testcase>
  <testcase name="localUpdateTest" classname="com.tencent.ads.api.LocalApiTest" time="0.0">
    <skipped/>
  </testcase>
  <testcase name="localAddTest" classname="com.tencent.ads.api.LocalApiTest" time="0.0">
    <skipped/>
  </testcase>
  <system-out><![CDATA[]]></system-out>
  <system-err><![CDATA[]]></system-err>
</testsuite>
