<?xml version="1.0" encoding="UTF-8"?>
<testsuite name="com.tencent.ads.api.AdgroupsApiTest" tests="8" skipped="8" failures="0" errors="0" timestamp="2022-05-06T08:37:33" hostname="VM_147_58_centos" time="0.001">
  <properties/>
  <testcase name="adgroupsAddTest" classname="com.tencent.ads.api.AdgroupsApiTest" time="0.0">
    <skipped/>
  </testcase>
  <testcase name="adgroupsGetTest" classname="com.tencent.ads.api.AdgroupsApiTest" time="0.0">
    <skipped/>
  </testcase>
  <testcase name="adgroupsDeleteTest" classname="com.tencent.ads.api.AdgroupsApiTest" time="0.001">
    <skipped/>
  </testcase>
  <testcase name="adgroupsUpdateConfiguredStatusTest" classname="com.tencent.ads.api.AdgroupsApiTest" time="0.0">
    <skipped/>
  </testcase>
  <testcase name="adgroupsUpdateDatetimeTest" classname="com.tencent.ads.api.AdgroupsApiTest" time="0.0">
    <skipped/>
  </testcase>
  <testcase name="adgroupsUpdateDailyBudgetTest" classname="com.tencent.ads.api.AdgroupsApiTest" time="0.0">
    <skipped/>
  </testcase>
  <testcase name="adgroupsUpdateBidAmountTest" classname="com.tencent.ads.api.AdgroupsApiTest" time="0.0">
    <skipped/>
  </testcase>
  <testcase name="adgroupsUpdateTest" classname="com.tencent.ads.api.AdgroupsApiTest" time="0.0">
    <skipped/>
  </testcase>
  <system-out><![CDATA[]]></system-out>
  <system-err><![CDATA[]]></system-err>
</testsuite>
