<?xml version="1.0" encoding="UTF-8"?>
<testsuite name="com.tencent.ads.api.EcommerceOrderApiTest" tests="2" skipped="2" failures="0" errors="0" timestamp="2022-04-15T07:48:30" hostname="VM_147_58_centos" time="0.0">
  <properties/>
  <testcase name="ecommerceOrderUpdateTest" classname="com.tencent.ads.api.EcommerceOrderApiTest" time="0.0">
    <skipped/>
  </testcase>
  <testcase name="ecommerceOrderGetTest" classname="com.tencent.ads.api.EcommerceOrderApiTest" time="0.0">
    <skipped/>
  </testcase>
  <system-out><![CDATA[]]></system-out>
  <system-err><![CDATA[]]></system-err>
</testsuite>
