<?xml version="1.0" encoding="UTF-8"?>
<testsuite name="com.tencent.ads.api.LocalStoresApiTest" tests="4" skipped="4" failures="0" errors="0" timestamp="2023-03-17T07:44:26" hostname="VM_118_42_centos" time="0.0">
  <properties/>
  <testcase name="localStoresDeleteTest" classname="com.tencent.ads.api.LocalStoresApiTest" time="0.0">
    <skipped/>
  </testcase>
  <testcase name="localStoresAddTest" classname="com.tencent.ads.api.LocalStoresApiTest" time="0.0">
    <skipped/>
  </testcase>
  <testcase name="localStoresUpdateTest" classname="com.tencent.ads.api.LocalStoresApiTest" time="0.0">
    <skipped/>
  </testcase>
  <testcase name="localStoresGetTest" classname="com.tencent.ads.api.LocalStoresApiTest" time="0.0">
    <skipped/>
  </testcase>
  <system-out><![CDATA[]]></system-out>
  <system-err><![CDATA[]]></system-err>
</testsuite>
