<?xml version="1.0" encoding="UTF-8"?>
<testsuite name="com.tencent.ads.api.XijingDeriveTempTokenApiTest" tests="1" skipped="1" failures="0" errors="0" timestamp="2023-03-17T07:44:26" hostname="VM_118_42_centos" time="0.001">
  <properties/>
  <testcase name="xijingDeriveTempTokenGetTest" classname="com.tencent.ads.api.XijingDeriveTempTokenApiTest" time="0.001">
    <skipped/>
  </testcase>
  <system-out><![CDATA[]]></system-out>
  <system-err><![CDATA[]]></system-err>
</testsuite>
