<?xml version="1.0" encoding="UTF-8"?>
<testsuite name="com.tencent.ads.api.ConversionsApiTest" tests="2" skipped="2" failures="0" errors="0" timestamp="2022-12-08T08:36:08" hostname="VM_118_42_centos" time="0.0">
  <properties/>
  <testcase name="conversionsAddTest" classname="com.tencent.ads.api.ConversionsApiTest" time="0.0">
    <skipped/>
  </testcase>
  <testcase name="conversionsGetTest" classname="com.tencent.ads.api.ConversionsApiTest" time="0.0">
    <skipped/>
  </testcase>
  <system-out><![CDATA[]]></system-out>
  <system-err><![CDATA[]]></system-err>
</testsuite>
