<?xml version="1.0" encoding="UTF-8"?>
<testsuite name="com.tencent.ads.api.LocalStoresSearchInfoApiTest" tests="1" skipped="1" failures="0" errors="0" timestamp="2023-03-28T07:09:24" hostname="VM_118_42_centos" time="0.0">
  <properties/>
  <testcase name="localStoresSearchInfoGetTest" classname="com.tencent.ads.api.LocalStoresSearchInfoApiTest" time="0.0">
    <skipped/>
  </testcase>
  <system-out><![CDATA[]]></system-out>
  <system-err><![CDATA[]]></system-err>
</testsuite>
