<?xml version="1.0" encoding="UTF-8"?>
<testsuite name="com.tencent.ads.api.CampaignsApiTest" tests="9" skipped="9" failures="0" errors="0" timestamp="2023-03-02T03:50:25" hostname="VM_118_42_centos" time="0.0">
  <properties/>
  <testcase name="campaignsAddTest" classname="com.tencent.ads.api.CampaignsApiTest" time="0.0">
    <skipped/>
  </testcase>
  <testcase name="campaignsAddNegativewordTest" classname="com.tencent.ads.api.CampaignsApiTest" time="0.0">
    <skipped/>
  </testcase>
  <testcase name="campaignsDeleteTest" classname="com.tencent.ads.api.CampaignsApiTest" time="0.0">
    <skipped/>
  </testcase>
  <testcase name="campaignsGetTest" classname="com.tencent.ads.api.CampaignsApiTest" time="0.0">
    <skipped/>
  </testcase>
  <testcase name="campaignsUpdateNegativewordTest" classname="com.tencent.ads.api.CampaignsApiTest" time="0.0">
    <skipped/>
  </testcase>
  <testcase name="campaignsGetNegativewordTest" classname="com.tencent.ads.api.CampaignsApiTest" time="0.0">
    <skipped/>
  </testcase>
  <testcase name="campaignsUpdateDailyBudgetTest" classname="com.tencent.ads.api.CampaignsApiTest" time="0.0">
    <skipped/>
  </testcase>
  <testcase name="campaignsUpdateTest" classname="com.tencent.ads.api.CampaignsApiTest" time="0.0">
    <skipped/>
  </testcase>
  <testcase name="campaignsUpdateConfiguredStatusTest" classname="com.tencent.ads.api.CampaignsApiTest" time="0.0">
    <skipped/>
  </testcase>
  <system-out><![CDATA[]]></system-out>
  <system-err><![CDATA[]]></system-err>
</testsuite>
