<?xml version="1.0" encoding="UTF-8"?>
<testsuite name="com.tencent.ads.api.WechatPagesCsgrouplistApiTest" tests="3" skipped="3" failures="0" errors="0" timestamp="2023-03-02T03:50:25" hostname="VM_118_42_centos" time="0.001">
  <properties/>
  <testcase name="wechatPagesCsgrouplistAddTest" classname="com.tencent.ads.api.WechatPagesCsgrouplistApiTest" time="0.0">
    <skipped/>
  </testcase>
  <testcase name="wechatPagesCsgrouplistUpdateTest" classname="com.tencent.ads.api.WechatPagesCsgrouplistApiTest" time="0.0">
    <skipped/>
  </testcase>
  <testcase name="wechatPagesCsgrouplistGetTest" classname="com.tencent.ads.api.WechatPagesCsgrouplistApiTest" time="0.0">
    <skipped/>
  </testcase>
  <system-out><![CDATA[]]></system-out>
  <system-err><![CDATA[]]></system-err>
</testsuite>
