<?xml version="1.0" encoding="UTF-8"?>
<testsuite name="com.tencent.ads.api.ProductItemsApiTest" tests="3" skipped="3" failures="0" errors="0" timestamp="2021-10-20T02:50:22" hostname="VM_147_58_centos" time="0.0">
  <properties/>
  <testcase name="productItemsAddTest" classname="com.tencent.ads.api.ProductItemsApiTest" time="0.0">
    <skipped/>
  </testcase>
  <testcase name="productItemsUpdateTest" classname="com.tencent.ads.api.ProductItemsApiTest" time="0.0">
    <skipped/>
  </testcase>
  <testcase name="productItemsGetTest" classname="com.tencent.ads.api.ProductItemsApiTest" time="0.0">
    <skipped/>
  </testcase>
  <system-out><![CDATA[]]></system-out>
  <system-err><![CDATA[]]></system-err>
</testsuite>
