<?xml version="1.0" encoding="UTF-8"?>
<testsuite name="com.tencent.ads.api.SubcustomerTransferApiTest" tests="1" skipped="1" failures="0" errors="0" timestamp="2021-09-26T08:22:51" hostname="VM_147_58_centos" time="0.001">
  <properties/>
  <testcase name="subcustomerTransferAddTest" classname="com.tencent.ads.api.SubcustomerTransferApiTest" time="0.001">
    <skipped/>
  </testcase>
  <system-out><![CDATA[]]></system-out>
  <system-err><![CDATA[]]></system-err>
</testsuite>
