<?xml version="1.0" encoding="UTF-8"?>
<testsuite name="com.tencent.ads.api.AdgroupsApiTest" tests="11" skipped="11" failures="0" errors="0" timestamp="2022-12-14T09:36:06" hostname="VM_118_42_centos" time="0.0">
  <properties/>
  <testcase name="adgroupsAddTest" classname="com.tencent.ads.api.AdgroupsApiTest" time="0.0">
    <skipped/>
  </testcase>
  <testcase name="adgroupsAddNegativewordTest" classname="com.tencent.ads.api.AdgroupsApiTest" time="0.0">
    <skipped/>
  </testcase>
  <testcase name="adgroupsGetTest" classname="com.tencent.ads.api.AdgroupsApiTest" time="0.0">
    <skipped/>
  </testcase>
  <testcase name="adgroupsDeleteTest" classname="com.tencent.ads.api.AdgroupsApiTest" time="0.0">
    <skipped/>
  </testcase>
  <testcase name="adgroupsUpdateConfiguredStatusTest" classname="com.tencent.ads.api.AdgroupsApiTest" time="0.0">
    <skipped/>
  </testcase>
  <testcase name="adgroupsUpdateDatetimeTest" classname="com.tencent.ads.api.AdgroupsApiTest" time="0.0">
    <skipped/>
  </testcase>
  <testcase name="adgroupsUpdateDailyBudgetTest" classname="com.tencent.ads.api.AdgroupsApiTest" time="0.0">
    <skipped/>
  </testcase>
  <testcase name="adgroupsUpdateBidAmountTest" classname="com.tencent.ads.api.AdgroupsApiTest" time="0.0">
    <skipped/>
  </testcase>
  <testcase name="adgroupsUpdateNegativewordTest" classname="com.tencent.ads.api.AdgroupsApiTest" time="0.0">
    <skipped/>
  </testcase>
  <testcase name="adgroupsGetNegativewordTest" classname="com.tencent.ads.api.AdgroupsApiTest" time="0.0">
    <skipped/>
  </testcase>
  <testcase name="adgroupsUpdateTest" classname="com.tencent.ads.api.AdgroupsApiTest" time="0.0">
    <skipped/>
  </testcase>
  <system-out><![CDATA[]]></system-out>
  <system-err><![CDATA[]]></system-err>
</testsuite>
