<?xml version="1.0" encoding="UTF-8"?>
<testsuite name="com.tencent.ads.api.XijingDeriveTempTokenApiTest" tests="1" skipped="1" failures="0" errors="0" timestamp="2022-12-13T03:32:28" hostname="VM_118_42_centos" time="0.0">
  <properties/>
  <testcase name="xijingDeriveTempTokenGetTest" classname="com.tencent.ads.api.XijingDeriveTempTokenApiTest" time="0.0">
    <skipped/>
  </testcase>
  <system-out><![CDATA[]]></system-out>
  <system-err><![CDATA[]]></system-err>
</testsuite>
