<?xml version="1.0" encoding="UTF-8"?>
<testsuite name="com.tencent.ads.api.DataSetApiTest" tests="2" skipped="2" failures="0" errors="0" timestamp="2023-10-18T08:02:13" hostname="VM_118_42_centos" time="0.0">
  <properties/>
  <testcase name="dataSetGetTest" classname="com.tencent.ads.api.DataSetApiTest" time="0.0">
    <skipped/>
  </testcase>
  <testcase name="dataSetAddTest" classname="com.tencent.ads.api.DataSetApiTest" time="0.0">
    <skipped/>
  </testcase>
  <system-out><![CDATA[]]></system-out>
  <system-err><![CDATA[]]></system-err>
</testsuite>
