<?xml version="1.0" encoding="UTF-8"?>
<testsuite name="com.tencent.ads.api.AdcreativePreviewsApiTest" tests="2" skipped="2" failures="0" errors="0" timestamp="2021-08-19T03:09:18" hostname="VM_147_58_centos" time="0.0">
  <properties/>
  <testcase name="adcreativePreviewsGetTest" classname="com.tencent.ads.api.AdcreativePreviewsApiTest" time="0.0">
    <skipped/>
  </testcase>
  <testcase name="adcreativePreviewsAddTest" classname="com.tencent.ads.api.AdcreativePreviewsApiTest" time="0.0">
    <skipped/>
  </testcase>
  <system-out><![CDATA[]]></system-out>
  <system-err><![CDATA[]]></system-err>
</testsuite>
