<?xml version="1.0" encoding="UTF-8"?>
<testsuite name="com.tencent.ads.api.PropertyFilesApiTest" tests="1" skipped="1" failures="0" errors="0" timestamp="2022-07-11T07:30:31" hostname="VM_147_58_centos" time="0.001">
  <properties/>
  <testcase name="propertyFilesAddTest" classname="com.tencent.ads.api.PropertyFilesApiTest" time="0.001">
    <skipped/>
  </testcase>
  <system-out><![CDATA[]]></system-out>
  <system-err><![CDATA[]]></system-err>
</testsuite>
