<?xml version="1.0" encoding="UTF-8"?>
<testsuite name="com.tencent.ads.api.OuterCluesApiTest" tests="2" skipped="2" failures="0" errors="0" timestamp="2023-03-30T10:31:21" hostname="VM_118_42_centos" time="0.0">
  <properties/>
  <testcase name="outerCluesAddTest" classname="com.tencent.ads.api.OuterCluesApiTest" time="0.0">
    <skipped/>
  </testcase>
  <testcase name="outerCluesUpdateTest" classname="com.tencent.ads.api.OuterCluesApiTest" time="0.0">
    <skipped/>
  </testcase>
  <system-out><![CDATA[]]></system-out>
  <system-err><![CDATA[]]></system-err>
</testsuite>
