<?xml version="1.0" encoding="UTF-8"?>
<testsuite name="com.tencent.ads.api.AdvertiserApiTest" tests="4" skipped="4" failures="0" errors="0" timestamp="2023-03-02T03:35:46" hostname="VM_118_42_centos" time="0.0">
  <properties/>
  <testcase name="advertiserAddTest" classname="com.tencent.ads.api.AdvertiserApiTest" time="0.0">
    <skipped/>
  </testcase>
  <testcase name="advertiserGetTest" classname="com.tencent.ads.api.AdvertiserApiTest" time="0.0">
    <skipped/>
  </testcase>
  <testcase name="advertiserUpdateTest" classname="com.tencent.ads.api.AdvertiserApiTest" time="0.0">
    <skipped/>
  </testcase>
  <testcase name="advertiserUpdateDailyBudgetTest" classname="com.tencent.ads.api.AdvertiserApiTest" time="0.0">
    <skipped/>
  </testcase>
  <system-out><![CDATA[]]></system-out>
  <system-err><![CDATA[]]></system-err>
</testsuite>
