<?xml version="1.0" encoding="UTF-8"?>
<testsuite name="com.tencent.ads.api.ImageProcessingApiTest" tests="1" skipped="1" failures="0" errors="0" timestamp="2022-01-17T02:23:16" hostname="VM_147_58_centos" time="0.0">
  <properties/>
  <testcase name="imageProcessingAddTest" classname="com.tencent.ads.api.ImageProcessingApiTest" time="0.0">
    <skipped/>
  </testcase>
  <system-out><![CDATA[]]></system-out>
  <system-err><![CDATA[]]></system-err>
</testsuite>
