<?xml version="1.0" encoding="UTF-8"?>
<testsuite name="com.tencent.ads.api.ProfilesApiTest" tests="3" skipped="3" failures="0" errors="0" timestamp="2023-03-14T03:33:50" hostname="VM_118_42_centos" time="0.001">
  <properties/>
  <testcase name="profilesDeleteTest" classname="com.tencent.ads.api.ProfilesApiTest" time="0.001">
    <skipped/>
  </testcase>
  <testcase name="profilesAddTest" classname="com.tencent.ads.api.ProfilesApiTest" time="0.0">
    <skipped/>
  </testcase>
  <testcase name="profilesGetTest" classname="com.tencent.ads.api.ProfilesApiTest" time="0.0">
    <skipped/>
  </testcase>
  <system-out><![CDATA[]]></system-out>
  <system-err><![CDATA[]]></system-err>
</testsuite>
