<?xml version="1.0" encoding="UTF-8"?>
<testsuite name="com.tencent.ads.api.PromotedObjectsApiTest" tests="3" skipped="3" failures="0" errors="0" timestamp="2021-08-19T03:09:17" hostname="VM_147_58_centos" time="0.0">
  <properties/>
  <testcase name="promotedObjectsAddTest" classname="com.tencent.ads.api.PromotedObjectsApiTest" time="0.0">
    <skipped/>
  </testcase>
  <testcase name="promotedObjectsGetTest" classname="com.tencent.ads.api.PromotedObjectsApiTest" time="0.0">
    <skipped/>
  </testcase>
  <testcase name="promotedObjectsUpdateTest" classname="com.tencent.ads.api.PromotedObjectsApiTest" time="0.0">
    <skipped/>
  </testcase>
  <system-out><![CDATA[]]></system-out>
  <system-err><![CDATA[]]></system-err>
</testsuite>
