<?xml version="1.0" encoding="UTF-8"?>
<testsuite name="com.tencent.ads.api.ChannelsApiTest" tests="3" skipped="3" failures="0" errors="0" timestamp="2022-07-11T07:30:31" hostname="VM_147_58_centos" time="0.0">
  <properties/>
  <testcase name="channelsUpdateTest" classname="com.tencent.ads.api.ChannelsApiTest" time="0.0">
    <skipped/>
  </testcase>
  <testcase name="channelsAddTest" classname="com.tencent.ads.api.ChannelsApiTest" time="0.0">
    <skipped/>
  </testcase>
  <testcase name="channelsGetTest" classname="com.tencent.ads.api.ChannelsApiTest" time="0.0">
    <skipped/>
  </testcase>
  <system-out><![CDATA[]]></system-out>
  <system-err><![CDATA[]]></system-err>
</testsuite>
