<?xml version="1.0" encoding="UTF-8"?>
<testsuite name="com.tencent.ads.api.LeadsFormApiTest" tests="2" skipped="2" failures="0" errors="0" timestamp="2021-09-16T10:54:11" hostname="VM_147_58_centos" time="0.0">
  <properties/>
  <testcase name="leadsFormAddTest" classname="com.tencent.ads.api.LeadsFormApiTest" time="0.0">
    <skipped/>
  </testcase>
  <testcase name="leadsFormGetTest" classname="com.tencent.ads.api.LeadsFormApiTest" time="0.0">
    <skipped/>
  </testcase>
  <system-out><![CDATA[]]></system-out>
  <system-err><![CDATA[]]></system-err>
</testsuite>
