<?xml version="1.0" encoding="UTF-8"?>
<testsuite name="com.tencent.ads.api.TargetingsApiTest" tests="4" skipped="4" failures="0" errors="0" timestamp="2021-10-08T06:18:37" hostname="VM_147_58_centos" time="0.0">
  <properties/>
  <testcase name="targetingsDeleteTest" classname="com.tencent.ads.api.TargetingsApiTest" time="0.0">
    <skipped/>
  </testcase>
  <testcase name="targetingsAddTest" classname="com.tencent.ads.api.TargetingsApiTest" time="0.0">
    <skipped/>
  </testcase>
  <testcase name="targetingsUpdateTest" classname="com.tencent.ads.api.TargetingsApiTest" time="0.0">
    <skipped/>
  </testcase>
  <testcase name="targetingsGetTest" classname="com.tencent.ads.api.TargetingsApiTest" time="0.0">
    <skipped/>
  </testcase>
  <system-out><![CDATA[]]></system-out>
  <system-err><![CDATA[]]></system-err>
</testsuite>
