<?xml version="1.0" encoding="UTF-8"?>
<testsuite name="com.tencent.ads.api.WechatPagesApiTest" tests="3" skipped="3" failures="0" errors="0" timestamp="2022-08-04T05:44:27" hostname="VM_147_58_centos" time="0.0">
  <properties/>
  <testcase name="wechatPagesDeleteTest" classname="com.tencent.ads.api.WechatPagesApiTest" time="0.0">
    <skipped/>
  </testcase>
  <testcase name="wechatPagesAddTest" classname="com.tencent.ads.api.WechatPagesApiTest" time="0.0">
    <skipped/>
  </testcase>
  <testcase name="wechatPagesGetTest" classname="com.tencent.ads.api.WechatPagesApiTest" time="0.0">
    <skipped/>
  </testcase>
  <system-out><![CDATA[]]></system-out>
  <system-err><![CDATA[]]></system-err>
</testsuite>
