<?xml version="1.0" encoding="UTF-8"?>
<testsuite name="com.tencent.ads.api.ExtendPackageApiTest" tests="3" skipped="3" failures="0" errors="0" timestamp="2023-03-10T02:22:54" hostname="VM_118_42_centos" time="0.001">
  <properties/>
  <testcase name="extendPackageUpdateTest" classname="com.tencent.ads.api.ExtendPackageApiTest" time="0.001">
    <skipped/>
  </testcase>
  <testcase name="extendPackageAddTest" classname="com.tencent.ads.api.ExtendPackageApiTest" time="0.0">
    <skipped/>
  </testcase>
  <testcase name="extendPackageGetTest" classname="com.tencent.ads.api.ExtendPackageApiTest" time="0.0">
    <skipped/>
  </testcase>
  <system-out><![CDATA[]]></system-out>
  <system-err><![CDATA[]]></system-err>
</testsuite>
