<?xml version="1.0" encoding="UTF-8"?>
<testsuite name="com.tencent.ads.api.UnionPositionPackagesApiTest" tests="4" skipped="4" failures="0" errors="0" timestamp="2023-03-28T07:09:23" hostname="VM_118_42_centos" time="0.0">
  <properties/>
  <testcase name="unionPositionPackagesUpdateTest" classname="com.tencent.ads.api.UnionPositionPackagesApiTest" time="0.0">
    <skipped/>
  </testcase>
  <testcase name="unionPositionPackagesAddTest" classname="com.tencent.ads.api.UnionPositionPackagesApiTest" time="0.0">
    <skipped/>
  </testcase>
  <testcase name="unionPositionPackagesGetTest" classname="com.tencent.ads.api.UnionPositionPackagesApiTest" time="0.0">
    <skipped/>
  </testcase>
  <testcase name="unionPositionPackagesDeleteTest" classname="com.tencent.ads.api.UnionPositionPackagesApiTest" time="0.0">
    <skipped/>
  </testcase>
  <system-out><![CDATA[]]></system-out>
  <system-err><![CDATA[]]></system-err>
</testsuite>
