<?xml version="1.0" encoding="UTF-8"?>
<testsuite name="com.tencent.ads.api.BatchAsyncRequestsApiTest" tests="2" skipped="2" failures="0" errors="0" timestamp="2022-12-14T09:36:06" hostname="VM_118_42_centos" time="0.0">
  <properties/>
  <testcase name="batchAsyncRequestsAddTest" classname="com.tencent.ads.api.BatchAsyncRequestsApiTest" time="0.0">
    <skipped/>
  </testcase>
  <testcase name="batchAsyncRequestsGetTest" classname="com.tencent.ads.api.BatchAsyncRequestsApiTest" time="0.0">
    <skipped/>
  </testcase>
  <system-out><![CDATA[]]></system-out>
  <system-err><![CDATA[]]></system-err>
</testsuite>
