<?xml version="1.0" encoding="UTF-8"?>
<testsuite name="com.tencent.ads.api.SubcustomerTransferApiTest" tests="1" skipped="1" failures="0" errors="0" timestamp="2023-10-18T08:02:13" hostname="VM_118_42_centos" time="0.0">
  <properties/>
  <testcase name="subcustomerTransferAddTest" classname="com.tencent.ads.api.SubcustomerTransferApiTest" time="0.0">
    <skipped/>
  </testcase>
  <system-out><![CDATA[]]></system-out>
  <system-err><![CDATA[]]></system-err>
</testsuite>
