<?xml version="1.0" encoding="UTF-8"?>
<testsuite name="com.tencent.ads.api.AdcreativesApiTest" tests="4" skipped="4" failures="0" errors="0" timestamp="2022-10-14T03:04:22" hostname="VM_147_58_centos" time="0.001">
  <properties/>
  <testcase name="adcreativesDeleteTest" classname="com.tencent.ads.api.AdcreativesApiTest" time="0.001">
    <skipped/>
  </testcase>
  <testcase name="adcreativesAddTest" classname="com.tencent.ads.api.AdcreativesApiTest" time="0.0">
    <skipped/>
  </testcase>
  <testcase name="adcreativesUpdateTest" classname="com.tencent.ads.api.AdcreativesApiTest" time="0.0">
    <skipped/>
  </testcase>
  <testcase name="adcreativesGetTest" classname="com.tencent.ads.api.AdcreativesApiTest" time="0.0">
    <skipped/>
  </testcase>
  <system-out><![CDATA[]]></system-out>
  <system-err><![CDATA[]]></system-err>
</testsuite>
