<?xml version="1.0" encoding="UTF-8"?>
<testsuite name="com.tencent.ads.api.DynamicCreativesApiTest" tests="3" skipped="3" failures="0" errors="0" timestamp="2023-03-28T07:09:23" hostname="VM_118_42_centos" time="0.0">
  <properties/>
  <testcase name="dynamicCreativesUpdateTest" classname="com.tencent.ads.api.DynamicCreativesApiTest" time="0.0">
    <skipped/>
  </testcase>
  <testcase name="dynamicCreativesAddTest" classname="com.tencent.ads.api.DynamicCreativesApiTest" time="0.0">
    <skipped/>
  </testcase>
  <testcase name="dynamicCreativesGetTest" classname="com.tencent.ads.api.DynamicCreativesApiTest" time="0.0">
    <skipped/>
  </testcase>
  <system-out><![CDATA[]]></system-out>
  <system-err><![CDATA[]]></system-err>
</testsuite>
