<?xml version="1.0" encoding="UTF-8"?>
<testsuite name="com.tencent.ads.api.GameFeatureApiTest" tests="3" skipped="3" failures="0" errors="0" timestamp="2023-10-18T08:02:13" hostname="VM_118_42_centos" time="0.0">
  <properties/>
  <testcase name="gameFeatureUpdateTest" classname="com.tencent.ads.api.GameFeatureApiTest" time="0.0">
    <skipped/>
  </testcase>
  <testcase name="gameFeatureAddTest" classname="com.tencent.ads.api.GameFeatureApiTest" time="0.0">
    <skipped/>
  </testcase>
  <testcase name="gameFeatureGetTest" classname="com.tencent.ads.api.GameFeatureApiTest" time="0.0">
    <skipped/>
  </testcase>
  <system-out><![CDATA[]]></system-out>
  <system-err><![CDATA[]]></system-err>
</testsuite>
