<?xml version="1.0" encoding="UTF-8"?>
<testsuite name="com.tencent.ads.api.ImagesApiTest" tests="4" skipped="4" failures="0" errors="0" timestamp="2022-08-04T03:14:31" hostname="VM_147_58_centos" time="0.0">
  <properties/>
  <testcase name="imagesUpdateTest" classname="com.tencent.ads.api.ImagesApiTest" time="0.0">
    <skipped/>
  </testcase>
  <testcase name="imagesAddTest" classname="com.tencent.ads.api.ImagesApiTest" time="0.0">
    <skipped/>
  </testcase>
  <testcase name="imagesDeleteTest" classname="com.tencent.ads.api.ImagesApiTest" time="0.0">
    <skipped/>
  </testcase>
  <testcase name="imagesGetTest" classname="com.tencent.ads.api.ImagesApiTest" time="0.0">
    <skipped/>
  </testcase>
  <system-out><![CDATA[]]></system-out>
  <system-err><![CDATA[]]></system-err>
</testsuite>
