<?xml version="1.0" encoding="UTF-8"?>
<testsuite name="com.tencent.ads.api.PropertySetsApiTest" tests="2" skipped="2" failures="0" errors="0" timestamp="2021-09-27T09:25:36" hostname="VM_147_58_centos" time="0.0">
  <properties/>
  <testcase name="propertySetsAddTest" classname="com.tencent.ads.api.PropertySetsApiTest" time="0.0">
    <skipped/>
  </testcase>
  <testcase name="propertySetsGetTest" classname="com.tencent.ads.api.PropertySetsApiTest" time="0.0">
    <skipped/>
  </testcase>
  <system-out><![CDATA[]]></system-out>
  <system-err><![CDATA[]]></system-err>
</testsuite>
