<?xml version="1.0" encoding="UTF-8"?>
<testsuite name="com.tencent.ads.api.AndroidUnionChannelPackagesApiTest" tests="3" skipped="3" failures="0" errors="0" timestamp="2022-06-27T02:34:16" hostname="VM_147_58_centos" time="0.0">
  <properties/>
  <testcase name="androidUnionChannelPackagesGetTest" classname="com.tencent.ads.api.AndroidUnionChannelPackagesApiTest" time="0.0">
    <skipped/>
  </testcase>
  <testcase name="androidUnionChannelPackagesUpdateTest" classname="com.tencent.ads.api.AndroidUnionChannelPackagesApiTest" time="0.0">
    <skipped/>
  </testcase>
  <testcase name="androidUnionChannelPackagesAddTest" classname="com.tencent.ads.api.AndroidUnionChannelPackagesApiTest" time="0.0">
    <skipped/>
  </testcase>
  <system-out><![CDATA[]]></system-out>
  <system-err><![CDATA[]]></system-err>
</testsuite>
