<?xml version="1.0" encoding="UTF-8"?>
<testsuite name="com.tencent.ads.api.LocalApiTest" tests="3" skipped="3" failures="0" errors="0" timestamp="2023-03-14T03:33:50" hostname="VM_118_42_centos" time="0.0">
  <properties/>
  <testcase name="localGetTest" classname="com.tencent.ads.api.LocalApiTest" time="0.0">
    <skipped/>
  </testcase>
  <testcase name="localUpdateTest" classname="com.tencent.ads.api.LocalApiTest" time="0.0">
    <skipped/>
  </testcase>
  <testcase name="localAddTest" classname="com.tencent.ads.api.LocalApiTest" time="0.0">
    <skipped/>
  </testcase>
  <system-out><![CDATA[]]></system-out>
  <system-err><![CDATA[]]></system-err>
</testsuite>
