<?xml version="1.0" encoding="UTF-8"?>
<testsuite name="com.tencent.ads.api.UnionPositionPackagesApiTest" tests="3" skipped="3" failures="0" errors="0" timestamp="2022-04-02T08:44:45" hostname="VM_147_58_centos" time="0.0">
  <properties/>
  <testcase name="unionPositionPackagesAddTest" classname="com.tencent.ads.api.UnionPositionPackagesApiTest" time="0.0">
    <skipped/>
  </testcase>
  <testcase name="unionPositionPackagesGetTest" classname="com.tencent.ads.api.UnionPositionPackagesApiTest" time="0.0">
    <skipped/>
  </testcase>
  <testcase name="unionPositionPackagesDeleteTest" classname="com.tencent.ads.api.UnionPositionPackagesApiTest" time="0.0">
    <skipped/>
  </testcase>
  <system-out><![CDATA[]]></system-out>
  <system-err><![CDATA[]]></system-err>
</testsuite>
