<?xml version="1.0" encoding="UTF-8"?>
<testsuite name="com.tencent.ads.api.WechatQualificationsApiTest" tests="3" skipped="3" failures="0" errors="0" timestamp="2021-09-16T10:54:11" hostname="VM_147_58_centos" time="0.0">
  <properties/>
  <testcase name="wechatQualificationsDeleteTest" classname="com.tencent.ads.api.WechatQualificationsApiTest" time="0.0">
    <skipped/>
  </testcase>
  <testcase name="wechatQualificationsAddTest" classname="com.tencent.ads.api.WechatQualificationsApiTest" time="0.0">
    <skipped/>
  </testcase>
  <testcase name="wechatQualificationsGetTest" classname="com.tencent.ads.api.WechatQualificationsApiTest" time="0.0">
    <skipped/>
  </testcase>
  <system-out><![CDATA[]]></system-out>
  <system-err><![CDATA[]]></system-err>
</testsuite>
