<?xml version="1.0" encoding="UTF-8"?>
<testsuite name="com.tencent.ads.api.BidwordApiTest" tests="4" skipped="4" failures="0" errors="0" timestamp="2022-12-14T09:36:06" hostname="VM_118_42_centos" time="0.001">
  <properties/>
  <testcase name="bidwordUpdateTest" classname="com.tencent.ads.api.BidwordApiTest" time="0.0">
    <skipped/>
  </testcase>
  <testcase name="bidwordAddTest" classname="com.tencent.ads.api.BidwordApiTest" time="0.0">
    <skipped/>
  </testcase>
  <testcase name="bidwordDeleteTest" classname="com.tencent.ads.api.BidwordApiTest" time="0.0">
    <skipped/>
  </testcase>
  <testcase name="bidwordGetTest" classname="com.tencent.ads.api.BidwordApiTest" time="0.0">
    <skipped/>
  </testcase>
  <system-out><![CDATA[]]></system-out>
  <system-err><![CDATA[]]></system-err>
</testsuite>
