<?xml version="1.0" encoding="UTF-8"?>
<testsuite name="com.tencent.ads.api.AdcreativesApiTest" tests="4" skipped="4" failures="0" errors="0" timestamp="2023-03-30T10:31:21" hostname="VM_118_42_centos" time="0.0">
  <properties/>
  <testcase name="adcreativesDeleteTest" classname="com.tencent.ads.api.AdcreativesApiTest" time="0.0">
    <skipped/>
  </testcase>
  <testcase name="adcreativesAddTest" classname="com.tencent.ads.api.AdcreativesApiTest" time="0.0">
    <skipped/>
  </testcase>
  <testcase name="adcreativesUpdateTest" classname="com.tencent.ads.api.AdcreativesApiTest" time="0.0">
    <skipped/>
  </testcase>
  <testcase name="adcreativesGetTest" classname="com.tencent.ads.api.AdcreativesApiTest" time="0.0">
    <skipped/>
  </testcase>
  <system-out><![CDATA[]]></system-out>
  <system-err><![CDATA[]]></system-err>
</testsuite>
