<?xml version="1.0" encoding="UTF-8"?>
<testsuite name="com.tencent.ads.api.CustomTagsApiTest" tests="4" skipped="4" failures="0" errors="0" timestamp="2022-10-17T07:37:25" hostname="VM_147_58_centos" time="0.0">
  <properties/>
  <testcase name="customTagsAddTest" classname="com.tencent.ads.api.CustomTagsApiTest" time="0.0">
    <skipped/>
  </testcase>
  <testcase name="customTagsGetTest" classname="com.tencent.ads.api.CustomTagsApiTest" time="0.0">
    <skipped/>
  </testcase>
  <testcase name="customTagsDeleteTest" classname="com.tencent.ads.api.CustomTagsApiTest" time="0.0">
    <skipped/>
  </testcase>
  <testcase name="customTagsUpdateTest" classname="com.tencent.ads.api.CustomTagsApiTest" time="0.0">
    <skipped/>
  </testcase>
  <system-out><![CDATA[]]></system-out>
  <system-err><![CDATA[]]></system-err>
</testsuite>
