<?xml version="1.0" encoding="UTF-8"?>
<testsuite name="com.tencent.ads.api.LocalStoresApiTest" tests="3" skipped="3" failures="0" errors="0" timestamp="2022-01-05T06:06:54" hostname="VM_147_58_centos" time="0.001">
  <properties/>
  <testcase name="localStoresDeleteTest" classname="com.tencent.ads.api.LocalStoresApiTest" time="0.001">
    <skipped/>
  </testcase>
  <testcase name="localStoresAddTest" classname="com.tencent.ads.api.LocalStoresApiTest" time="0.0">
    <skipped/>
  </testcase>
  <testcase name="localStoresGetTest" classname="com.tencent.ads.api.LocalStoresApiTest" time="0.0">
    <skipped/>
  </testcase>
  <system-out><![CDATA[]]></system-out>
  <system-err><![CDATA[]]></system-err>
</testsuite>
