<?xml version="1.0" encoding="UTF-8"?>
<testsuite name="com.tencent.ads.api.UserPropertySetsApiTest" tests="3" skipped="3" failures="0" errors="0" timestamp="2022-05-06T08:37:33" hostname="VM_147_58_centos" time="0.0">
  <properties/>
  <testcase name="userPropertySetsGetTest" classname="com.tencent.ads.api.UserPropertySetsApiTest" time="0.0">
    <skipped/>
  </testcase>
  <testcase name="userPropertySetsUpdateTest" classname="com.tencent.ads.api.UserPropertySetsApiTest" time="0.0">
    <skipped/>
  </testcase>
  <testcase name="userPropertySetsAddTest" classname="com.tencent.ads.api.UserPropertySetsApiTest" time="0.0">
    <skipped/>
  </testcase>
  <system-out><![CDATA[]]></system-out>
  <system-err><![CDATA[]]></system-err>
</testsuite>
