<?xml version="1.0" encoding="UTF-8"?>
<testsuite name="com.tencent.ads.api.TargetingTagReportsApiTest" tests="1" skipped="1" failures="0" errors="0" timestamp="2021-09-02T06:40:11" hostname="VM_147_58_centos" time="0.001">
  <properties/>
  <testcase name="targetingTagReportsGetTest" classname="com.tencent.ads.api.TargetingTagReportsApiTest" time="0.001">
    <skipped/>
  </testcase>
  <system-out><![CDATA[]]></system-out>
  <system-err><![CDATA[]]></system-err>
</testsuite>
