<?xml version="1.0" encoding="UTF-8"?>
<testsuite name="com.tencent.ads.api.PropertySetSchemasApiTest" tests="3" skipped="3" failures="0" errors="0" timestamp="2023-03-02T03:35:46" hostname="VM_118_42_centos" time="0.0">
  <properties/>
  <testcase name="propertySetSchemasGetTest" classname="com.tencent.ads.api.PropertySetSchemasApiTest" time="0.0">
    <skipped/>
  </testcase>
  <testcase name="propertySetSchemasUpdateTest" classname="com.tencent.ads.api.PropertySetSchemasApiTest" time="0.0">
    <skipped/>
  </testcase>
  <testcase name="propertySetSchemasAddTest" classname="com.tencent.ads.api.PropertySetSchemasApiTest" time="0.0">
    <skipped/>
  </testcase>
  <system-out><![CDATA[]]></system-out>
  <system-err><![CDATA[]]></system-err>
</testsuite>
