<?xml version="1.0" encoding="UTF-8"?>
<testsuite name="com.tencent.ads.api.AssetPermissionsApiTest" tests="2" skipped="2" failures="0" errors="0" timestamp="2021-10-26T10:35:16" hostname="VM_147_58_centos" time="0.001">
  <properties/>
  <testcase name="assetPermissionsDeleteTest" classname="com.tencent.ads.api.AssetPermissionsApiTest" time="0.0">
    <skipped/>
  </testcase>
  <testcase name="assetPermissionsAddTest" classname="com.tencent.ads.api.AssetPermissionsApiTest" time="0.0">
    <skipped/>
  </testcase>
  <system-out><![CDATA[]]></system-out>
  <system-err><![CDATA[]]></system-err>
</testsuite>
