<?xml version="1.0" encoding="UTF-8"?>
<testsuite name="com.tencent.ads.api.ReportApiTest" tests="2" skipped="2" failures="0" errors="0" timestamp="2022-07-11T07:30:31" hostname="VM_147_58_centos" time="0.0">
  <properties/>
  <testcase name="reportConversionsPredictTest" classname="com.tencent.ads.api.ReportApiTest" time="0.0">
    <skipped/>
  </testcase>
  <testcase name="reportVideoFrameTest" classname="com.tencent.ads.api.ReportApiTest" time="0.0">
    <skipped/>
  </testcase>
  <system-out><![CDATA[]]></system-out>
  <system-err><![CDATA[]]></system-err>
</testsuite>
