<?xml version="1.0" encoding="UTF-8"?>
<testsuite name="com.tencent.ads.api.TargetingsShareApiTest" tests="2" skipped="2" failures="0" errors="0" timestamp="2022-02-25T02:25:40" hostname="VM_147_58_centos" time="0.0">
  <properties/>
  <testcase name="targetingsShareAddTest" classname="com.tencent.ads.api.TargetingsShareApiTest" time="0.0">
    <skipped/>
  </testcase>
  <testcase name="targetingsShareGetTest" classname="com.tencent.ads.api.TargetingsShareApiTest" time="0.0">
    <skipped/>
  </testcase>
  <system-out><![CDATA[]]></system-out>
  <system-err><![CDATA[]]></system-err>
</testsuite>
